2026-05-06 09:24:56 | INFO     | __main__ | ============================================================
2026-05-06 09:24:56 | INFO     | __main__ |   Mode      : 🧪 DEMO / VIRTUAL ACCOUNT
2026-05-06 09:24:56 | INFO     | __main__ |   Symbol    : R_75
2026-05-06 09:24:56 | INFO     | __main__ |   Target    : $15000.00
2026-05-06 09:24:56 | INFO     | __main__ |   Kelly     : 22% of balance per trade
2026-05-06 09:24:56 | INFO     | __main__ |   Max Stake : $100.00 per trade
2026-05-06 09:24:56 | INFO     | __main__ |   Multiplier: 50x
2026-05-06 09:24:56 | INFO     | __main__ |   CB Floor  : $4000.00
2026-05-06 09:24:56 | INFO     | __main__ |   TF        : 300s primary / 900s confluence
2026-05-06 09:24:56 | INFO     | __main__ | ============================================================
2026-05-06 09:24:57 | INFO     | modules.connector | 🌐 WebSocket connected to Deriv API (attempt 1)
2026-05-06 09:24:57 | INFO     | modules.connector | Authorized | Account: ansline@gmail.com | Balance: USD 11001.92
2026-05-06 09:25:00 | INFO     | modules.connector | Subscribed to ticks for R_75 | sub_id: 9be8056e-fb35-4ecb-c3be-3cccc3893eb6
2026-05-06 09:25:00 | INFO     | __main__ | ── Scan | Balance: $11001.92 | Progress: 73.3% ──
2026-05-06 09:25:01 | INFO     | modules.risk_manager | [DEMO] Kelly Sizing | Balance: $11001.92 | Stake: $100.00 | SL: $100.00 | TP: $200.00 | R:R 1:2.0
2026-05-06 09:25:03 | INFO     | modules.smc_engine | [BULL] R_75 | Entry 35426.339844 | SL 35277.301367 | TP 35724.416797 | Conf 100%
2026-05-06 09:25:03 | INFO     | __main__ | Zone armed | BUY R_75 | Entry: 35426.33984 | OB [35284.39844–35426.33984]
2026-05-06 09:25:28 | INFO     | __main__ | 🎯 OB Zone HIT | BUY | Entry: 35426.33984 | Tick bid/ask: 35420.24030/35426.24030
2026-05-06 09:25:28 | INFO     | modules.order_executor | → Executing MARKET BUY | MULTUP | R_75 | Stake: $100.00 | SL: $100.00 | TP: $200.00
2026-05-06 09:25:29 | INFO     | modules.order_executor | ✅ Contract opened | ID: 313725296348 | Buy price: $100
2026-05-06 09:25:33 | INFO     | __main__ | ── Scan | Balance: $10901.92 | Progress: 72.7% ──
2026-05-06 09:25:34 | INFO     | __main__ | Open contract active — holding.
2026-05-06 09:26:04 | INFO     | __main__ | ── Scan | Balance: $10901.92 | Progress: 72.7% ──
2026-05-06 09:26:04 | INFO     | __main__ | Open contract active — holding.
2026-05-06 09:26:35 | INFO     | __main__ | ── Scan | Balance: $10901.92 | Progress: 72.7% ──
2026-05-06 09:26:35 | INFO     | __main__ | Open contract active — holding.
2026-05-06 09:27:06 | WARNING  | __main__ | ⚠️  Deriv API disconnected! Attempting reconnection...
2026-05-06 09:27:06 | ERROR    | modules.risk_manager | Failed to fetch balance: WebSocket disconnected
2026-05-06 09:27:06 | INFO     | __main__ | ── Scan | Balance: $10901.92 | Progress: 72.7% ──
2026-05-06 09:27:06 | ERROR    | modules.order_executor | Failed to fetch portfolio: WebSocket is not connected
2026-05-06 09:27:06 | INFO     | __main__ | Contract closed (SL/TP hit). Ready for next setup.
2026-05-06 09:27:06 | INFO     | modules.risk_manager | [DEMO] Kelly Sizing | Balance: $10901.92 | Stake: $100.00 | SL: $100.00 | TP: $200.00 | R:R 1:2.0
2026-05-06 09:27:06 | ERROR    | modules.data_feed | ticks_history request failed for R_75: WebSocket is not connected
2026-05-06 09:27:06 | ERROR    | modules.data_feed | ticks_history request failed for R_75: WebSocket is not connected
2026-05-06 09:27:06 | WARNING  | __main__ | OHLC fetch failed — skipping cycle.
2026-05-06 09:27:07 | INFO     | modules.connector | 🌐 WebSocket connected to Deriv API (attempt 1)
2026-05-06 09:27:07 | INFO     | modules.connector | Authorized | Account: ansline@gmail.com | Balance: USD 10901.92
2026-05-06 09:27:07 | INFO     | __main__ | ✅ Reconnected to Deriv. Re-subscribing to ticks...
2026-05-06 09:27:08 | INFO     | modules.connector | Subscribed to ticks for R_75 | sub_id: cd1e8aaf-5c35-787e-46df-25552c77b373
2026-05-06 09:27:36 | INFO     | __main__ | ── Scan | Balance: $10901.92 | Progress: 72.7% ──
2026-05-06 09:27:36 | INFO     | __main__ | Active contract detected on start/scan — syncing state.
2026-05-06 09:27:36 | INFO     | __main__ | Open contract active — holding.
2026-05-06 09:28:07 | INFO     | __main__ | ── Scan | Balance: $10901.92 | Progress: 72.7% ──
2026-05-06 09:28:08 | INFO     | __main__ | Open contract active — holding.
2026-05-06 09:28:39 | INFO     | __main__ | ── Scan | Balance: $10901.92 | Progress: 72.7% ──
2026-05-06 09:28:39 | INFO     | __main__ | Open contract active — holding.
2026-05-06 09:29:09 | INFO     | __main__ | ── Scan | Balance: $10901.92 | Progress: 72.7% ──
2026-05-06 09:29:10 | INFO     | __main__ | Open contract active — holding.
2026-05-06 09:29:40 | INFO     | __main__ | ── Scan | Balance: $10901.92 | Progress: 72.7% ──
2026-05-06 09:29:40 | INFO     | __main__ | Open contract active — holding.
2026-05-06 09:30:11 | INFO     | __main__ | ── Scan | Balance: $10901.92 | Progress: 72.7% ──
2026-05-06 09:30:11 | INFO     | __main__ | Open contract active — holding.
2026-05-06 09:30:41 | INFO     | __main__ | ── Scan | Balance: $10901.92 | Progress: 72.7% ──
2026-05-06 09:30:42 | INFO     | __main__ | Open contract active — holding.
2026-05-06 09:31:12 | INFO     | __main__ | ── Scan | Balance: $10901.92 | Progress: 72.7% ──
2026-05-06 09:31:12 | INFO     | __main__ | Open contract active — holding.
2026-05-06 09:31:43 | INFO     | __main__ | ── Scan | Balance: $10901.92 | Progress: 72.7% ──
2026-05-06 09:31:43 | INFO     | __main__ | Open contract active — holding.
2026-05-06 09:32:13 | INFO     | __main__ | ── Scan | Balance: $10901.92 | Progress: 72.7% ──
2026-05-06 09:32:14 | INFO     | __main__ | Open contract active — holding.
2026-05-06 09:32:44 | INFO     | __main__ | ── Scan | Balance: $10901.92 | Progress: 72.7% ──
2026-05-06 09:32:45 | INFO     | __main__ | Open contract active — holding.
2026-05-06 09:33:15 | INFO     | __main__ | ── Scan | Balance: $10901.92 | Progress: 72.7% ──
2026-05-06 09:33:15 | INFO     | __main__ | Open contract active — holding.
2026-05-06 09:33:46 | INFO     | __main__ | ── Scan | Balance: $10901.92 | Progress: 72.7% ──
2026-05-06 09:33:46 | INFO     | __main__ | Open contract active — holding.
2026-05-06 09:34:16 | INFO     | __main__ | ── Scan | Balance: $10901.92 | Progress: 72.7% ──
2026-05-06 09:34:17 | INFO     | __main__ | Open contract active — holding.
2026-05-06 09:34:47 | INFO     | __main__ | ── Scan | Balance: $10901.92 | Progress: 72.7% ──
2026-05-06 09:34:47 | INFO     | __main__ | Open contract active — holding.
2026-05-06 09:35:18 | INFO     | __main__ | ── Scan | Balance: $10901.92 | Progress: 72.7% ──
2026-05-06 09:35:18 | INFO     | __main__ | Open contract active — holding.
2026-05-06 09:35:48 | INFO     | __main__ | ── Scan | Balance: $10901.92 | Progress: 72.7% ──
2026-05-06 09:35:49 | INFO     | __main__ | Open contract active — holding.
2026-05-06 09:36:19 | INFO     | __main__ | ── Scan | Balance: $10901.92 | Progress: 72.7% ──
2026-05-06 09:36:20 | INFO     | __main__ | Open contract active — holding.
2026-05-06 09:36:50 | INFO     | __main__ | ── Scan | Balance: $10901.92 | Progress: 72.7% ──
2026-05-06 09:36:50 | INFO     | __main__ | Open contract active — holding.
2026-05-06 09:37:21 | INFO     | __main__ | ── Scan | Balance: $10901.92 | Progress: 72.7% ──
2026-05-06 09:37:21 | INFO     | __main__ | Open contract active — holding.
2026-05-06 09:37:51 | INFO     | __main__ | ── Scan | Balance: $10901.92 | Progress: 72.7% ──
2026-05-06 09:37:52 | INFO     | __main__ | Open contract active — holding.
2026-05-06 09:38:22 | INFO     | __main__ | ── Scan | Balance: $10901.92 | Progress: 72.7% ──
2026-05-06 09:38:22 | INFO     | __main__ | Open contract active — holding.
2026-05-06 09:38:53 | INFO     | __main__ | ── Scan | Balance: $10901.92 | Progress: 72.7% ──
2026-05-06 09:38:53 | INFO     | __main__ | Open contract active — holding.
2026-05-06 09:39:23 | INFO     | __main__ | ── Scan | Balance: $10901.92 | Progress: 72.7% ──
2026-05-06 09:39:24 | INFO     | __main__ | Open contract active — holding.
2026-05-06 09:39:54 | INFO     | __main__ | ── Scan | Balance: $10901.92 | Progress: 72.7% ──
2026-05-06 09:39:54 | INFO     | __main__ | Open contract active — holding.
2026-05-06 09:40:25 | INFO     | __main__ | ── Scan | Balance: $10901.92 | Progress: 72.7% ──
2026-05-06 09:40:25 | INFO     | __main__ | Open contract active — holding.
2026-05-06 09:40:55 | INFO     | __main__ | ── Scan | Balance: $10901.92 | Progress: 72.7% ──
2026-05-06 09:40:56 | INFO     | __main__ | Open contract active — holding.
2026-05-06 09:41:26 | INFO     | __main__ | ── Scan | Balance: $10901.92 | Progress: 72.7% ──
2026-05-06 09:41:26 | INFO     | __main__ | Open contract active — holding.
2026-05-06 09:41:57 | INFO     | __main__ | ── Scan | Balance: $10901.92 | Progress: 72.7% ──
2026-05-06 09:41:57 | INFO     | __main__ | Open contract active — holding.
2026-05-06 09:42:27 | INFO     | __main__ | ── Scan | Balance: $10901.92 | Progress: 72.7% ──
2026-05-06 09:42:28 | INFO     | __main__ | Open contract active — holding.
2026-05-06 09:42:58 | INFO     | __main__ | ── Scan | Balance: $10901.92 | Progress: 72.7% ──
2026-05-06 09:42:58 | INFO     | __main__ | Open contract active — holding.
2026-05-06 09:43:29 | INFO     | __main__ | ── Scan | Balance: $10901.92 | Progress: 72.7% ──
2026-05-06 09:43:29 | INFO     | __main__ | Open contract active — holding.
2026-05-06 09:43:59 | INFO     | __main__ | ── Scan | Balance: $10901.92 | Progress: 72.7% ──
2026-05-06 09:44:00 | INFO     | __main__ | Open contract active — holding.
2026-05-06 09:44:30 | INFO     | __main__ | ── Scan | Balance: $10901.92 | Progress: 72.7% ──
2026-05-06 09:44:30 | INFO     | __main__ | Open contract active — holding.
2026-05-06 09:45:01 | INFO     | __main__ | ── Scan | Balance: $10901.92 | Progress: 72.7% ──
2026-05-06 09:45:01 | INFO     | __main__ | Open contract active — holding.
2026-05-06 09:45:32 | INFO     | __main__ | ── Scan | Balance: $10901.92 | Progress: 72.7% ──
2026-05-06 09:45:32 | INFO     | __main__ | Open contract active — holding.
2026-05-06 09:46:02 | INFO     | __main__ | ── Scan | Balance: $10901.92 | Progress: 72.7% ──
2026-05-06 09:46:03 | INFO     | __main__ | Open contract active — holding.
2026-05-06 09:46:33 | INFO     | __main__ | ── Scan | Balance: $10901.92 | Progress: 72.7% ──
2026-05-06 09:46:33 | INFO     | __main__ | Open contract active — holding.
2026-05-06 09:47:04 | INFO     | __main__ | ── Scan | Balance: $10901.92 | Progress: 72.7% ──
2026-05-06 09:47:04 | INFO     | __main__ | Open contract active — holding.
2026-05-06 09:47:34 | INFO     | __main__ | ── Scan | Balance: $10901.92 | Progress: 72.7% ──
2026-05-06 09:47:35 | INFO     | __main__ | Open contract active — holding.
2026-05-06 09:48:05 | INFO     | __main__ | ── Scan | Balance: $10901.92 | Progress: 72.7% ──
2026-05-06 09:48:06 | INFO     | __main__ | Open contract active — holding.
2026-05-06 09:48:36 | INFO     | __main__ | ── Scan | Balance: $10901.92 | Progress: 72.7% ──
2026-05-06 09:48:36 | INFO     | __main__ | Open contract active — holding.
2026-05-06 09:49:06 | INFO     | __main__ | ── Scan | Balance: $10901.92 | Progress: 72.7% ──
2026-05-06 09:49:07 | INFO     | __main__ | Open contract active — holding.
2026-05-06 09:49:37 | INFO     | __main__ | ── Scan | Balance: $10901.92 | Progress: 72.7% ──
2026-05-06 09:49:37 | INFO     | __main__ | Open contract active — holding.
2026-05-06 09:50:08 | INFO     | __main__ | ── Scan | Balance: $10901.92 | Progress: 72.7% ──
2026-05-06 09:50:08 | INFO     | __main__ | Open contract active — holding.
2026-05-06 09:50:39 | INFO     | __main__ | ── Scan | Balance: $10901.92 | Progress: 72.7% ──
2026-05-06 09:50:39 | INFO     | __main__ | Open contract active — holding.
2026-05-06 09:51:09 | INFO     | __main__ | ── Scan | Balance: $10901.92 | Progress: 72.7% ──
2026-05-06 09:51:09 | INFO     | __main__ | Open contract active — holding.
2026-05-06 09:51:40 | INFO     | __main__ | ── Scan | Balance: $10901.92 | Progress: 72.7% ──
2026-05-06 09:51:40 | INFO     | __main__ | Open contract active — holding.
2026-05-06 09:52:11 | INFO     | __main__ | ── Scan | Balance: $10901.92 | Progress: 72.7% ──
2026-05-06 09:52:11 | INFO     | __main__ | Open contract active — holding.
2026-05-06 09:52:45 | INFO     | __main__ | ── Scan | Balance: $10901.92 | Progress: 72.7% ──
2026-05-06 09:52:46 | INFO     | __main__ | Open contract active — holding.
2026-05-06 09:53:16 | INFO     | __main__ | ── Scan | Balance: $10901.92 | Progress: 72.7% ──
2026-05-06 09:53:16 | INFO     | __main__ | Open contract active — holding.
2026-05-06 09:53:47 | INFO     | __main__ | ── Scan | Balance: $10901.92 | Progress: 72.7% ──
2026-05-06 09:53:47 | INFO     | __main__ | Open contract active — holding.
2026-05-06 09:54:17 | INFO     | __main__ | ── Scan | Balance: $10901.92 | Progress: 72.7% ──
2026-05-06 09:54:18 | INFO     | __main__ | Open contract active — holding.
2026-05-06 09:54:48 | INFO     | __main__ | ── Scan | Balance: $10901.92 | Progress: 72.7% ──
2026-05-06 09:54:48 | INFO     | __main__ | Open contract active — holding.
2026-05-06 09:55:19 | INFO     | __main__ | ── Scan | Balance: $10901.92 | Progress: 72.7% ──
2026-05-06 09:55:19 | INFO     | __main__ | Open contract active — holding.
2026-05-06 09:55:49 | INFO     | __main__ | ── Scan | Balance: $10901.92 | Progress: 72.7% ──
2026-05-06 09:55:50 | INFO     | __main__ | Open contract active — holding.
2026-05-06 09:56:21 | INFO     | __main__ | ── Scan | Balance: $10901.92 | Progress: 72.7% ──
2026-05-06 09:56:21 | INFO     | __main__ | Open contract active — holding.
2026-05-06 09:56:52 | INFO     | __main__ | ── Scan | Balance: $10901.92 | Progress: 72.7% ──
2026-05-06 09:56:52 | INFO     | __main__ | Open contract active — holding.
2026-05-06 09:57:22 | INFO     | __main__ | ── Scan | Balance: $10901.92 | Progress: 72.7% ──
2026-05-06 09:57:23 | INFO     | __main__ | Open contract active — holding.
2026-05-06 09:57:53 | INFO     | __main__ | ── Scan | Balance: $10901.92 | Progress: 72.7% ──
2026-05-06 09:57:53 | INFO     | __main__ | Open contract active — holding.
2026-05-06 09:58:24 | INFO     | __main__ | ── Scan | Balance: $10901.92 | Progress: 72.7% ──
2026-05-06 09:58:24 | INFO     | __main__ | Open contract active — holding.
2026-05-06 09:58:54 | INFO     | __main__ | ── Scan | Balance: $10901.92 | Progress: 72.7% ──
2026-05-06 09:58:55 | INFO     | __main__ | Open contract active — holding.
2026-05-06 09:59:25 | INFO     | __main__ | ── Scan | Balance: $10901.92 | Progress: 72.7% ──
2026-05-06 09:59:25 | INFO     | __main__ | Open contract active — holding.
2026-05-06 09:59:56 | INFO     | __main__ | ── Scan | Balance: $10901.92 | Progress: 72.7% ──
2026-05-06 09:59:56 | INFO     | __main__ | Open contract active — holding.
2026-05-06 10:00:26 | INFO     | __main__ | ── Scan | Balance: $10901.92 | Progress: 72.7% ──
2026-05-06 10:00:27 | INFO     | __main__ | Open contract active — holding.
2026-05-06 10:00:57 | INFO     | __main__ | ── Scan | Balance: $10901.92 | Progress: 72.7% ──
2026-05-06 10:00:57 | INFO     | __main__ | Open contract active — holding.
2026-05-06 10:01:28 | INFO     | __main__ | ── Scan | Balance: $10901.92 | Progress: 72.7% ──
2026-05-06 10:01:28 | INFO     | __main__ | Open contract active — holding.
2026-05-06 10:01:58 | INFO     | __main__ | ── Scan | Balance: $10901.92 | Progress: 72.7% ──
2026-05-06 10:01:59 | INFO     | __main__ | Open contract active — holding.
2026-05-06 10:02:29 | INFO     | __main__ | ── Scan | Balance: $10901.92 | Progress: 72.7% ──
2026-05-06 10:02:29 | INFO     | __main__ | Open contract active — holding.
2026-05-06 10:03:00 | INFO     | __main__ | ── Scan | Balance: $10901.92 | Progress: 72.7% ──
2026-05-06 10:03:00 | INFO     | __main__ | Open contract active — holding.
2026-05-06 10:03:31 | INFO     | __main__ | ── Scan | Balance: $10901.92 | Progress: 72.7% ──
2026-05-06 10:03:31 | INFO     | __main__ | Open contract active — holding.
2026-05-06 10:04:02 | INFO     | __main__ | ── Scan | Balance: $10901.92 | Progress: 72.7% ──
2026-05-06 10:04:02 | INFO     | __main__ | Open contract active — holding.
2026-05-06 10:04:32 | INFO     | __main__ | ── Scan | Balance: $10901.92 | Progress: 72.7% ──
2026-05-06 10:04:32 | INFO     | __main__ | Open contract active — holding.
2026-05-06 10:05:03 | INFO     | __main__ | ── Scan | Balance: $10901.92 | Progress: 72.7% ──
2026-05-06 10:05:03 | INFO     | __main__ | Open contract active — holding.
2026-05-06 10:05:33 | INFO     | __main__ | ── Scan | Balance: $10901.92 | Progress: 72.7% ──
2026-05-06 10:05:34 | INFO     | __main__ | Open contract active — holding.
2026-05-06 10:06:04 | INFO     | __main__ | ── Scan | Balance: $10901.92 | Progress: 72.7% ──
2026-05-06 10:06:04 | INFO     | __main__ | Open contract active — holding.
2026-05-06 10:06:35 | INFO     | __main__ | ── Scan | Balance: $10901.92 | Progress: 72.7% ──
2026-05-06 10:06:35 | INFO     | __main__ | Open contract active — holding.
2026-05-06 10:07:05 | INFO     | __main__ | ── Scan | Balance: $10901.92 | Progress: 72.7% ──
2026-05-06 10:07:06 | INFO     | __main__ | Open contract active — holding.
2026-05-06 10:07:36 | INFO     | __main__ | ── Scan | Balance: $10901.92 | Progress: 72.7% ──
2026-05-06 10:07:36 | INFO     | __main__ | Open contract active — holding.
2026-05-06 10:08:07 | INFO     | __main__ | ── Scan | Balance: $10901.92 | Progress: 72.7% ──
2026-05-06 10:08:07 | INFO     | __main__ | Open contract active — holding.
2026-05-06 10:08:38 | INFO     | __main__ | ── Scan | Balance: $10901.92 | Progress: 72.7% ──
2026-05-06 10:08:38 | INFO     | __main__ | Open contract active — holding.
2026-05-06 10:09:08 | INFO     | __main__ | ── Scan | Balance: $10901.92 | Progress: 72.7% ──
2026-05-06 10:09:09 | INFO     | __main__ | Open contract active — holding.
2026-05-06 10:09:39 | INFO     | __main__ | ── Scan | Balance: $10901.92 | Progress: 72.7% ──
2026-05-06 10:09:39 | INFO     | __main__ | Open contract active — holding.
2026-05-06 10:10:10 | INFO     | __main__ | ── Scan | Balance: $10901.92 | Progress: 72.7% ──
2026-05-06 10:10:10 | INFO     | __main__ | Open contract active — holding.
2026-05-06 10:10:40 | INFO     | __main__ | ── Scan | Balance: $10901.92 | Progress: 72.7% ──
2026-05-06 10:10:41 | INFO     | __main__ | Open contract active — holding.
2026-05-06 10:11:11 | WARNING  | __main__ | ⚠️  Deriv API disconnected! Attempting reconnection...
2026-05-06 10:11:11 | ERROR    | modules.risk_manager | Failed to fetch balance: WebSocket disconnected
2026-05-06 10:11:11 | INFO     | __main__ | ── Scan | Balance: $10901.92 | Progress: 72.7% ──
2026-05-06 10:11:11 | ERROR    | modules.order_executor | Failed to fetch portfolio: WebSocket is not connected
2026-05-06 10:11:11 | INFO     | __main__ | Contract closed (SL/TP hit). Ready for next setup.
2026-05-06 10:11:11 | INFO     | modules.risk_manager | [DEMO] Kelly Sizing | Balance: $10901.92 | Stake: $100.00 | SL: $100.00 | TP: $200.00 | R:R 1:2.0
2026-05-06 10:11:11 | ERROR    | modules.data_feed | ticks_history request failed for R_75: WebSocket is not connected
2026-05-06 10:11:11 | ERROR    | modules.data_feed | ticks_history request failed for R_75: WebSocket is not connected
2026-05-06 10:11:11 | WARNING  | __main__ | OHLC fetch failed — skipping cycle.
2026-05-06 10:11:12 | INFO     | modules.connector | 🌐 WebSocket connected to Deriv API (attempt 1)
2026-05-06 10:11:13 | INFO     | modules.connector | Authorized | Account: ansline@gmail.com | Balance: USD 10901.92
2026-05-06 10:11:13 | INFO     | __main__ | ✅ Reconnected to Deriv. Re-subscribing to ticks...
2026-05-06 10:11:14 | INFO     | modules.connector | Subscribed to ticks for R_75 | sub_id: 96e7946c-94de-44ea-4753-4934c20c3be9
2026-05-06 10:11:42 | INFO     | __main__ | ── Scan | Balance: $10901.92 | Progress: 72.7% ──
2026-05-06 10:11:42 | INFO     | __main__ | Active contract detected on start/scan — syncing state.
2026-05-06 10:11:42 | INFO     | __main__ | Open contract active — holding.
2026-05-06 10:12:12 | INFO     | __main__ | ── Scan | Balance: $10901.92 | Progress: 72.7% ──
2026-05-06 10:12:13 | INFO     | __main__ | Open contract active — holding.
2026-05-06 10:12:43 | INFO     | __main__ | ── Scan | Balance: $10901.92 | Progress: 72.7% ──
2026-05-06 10:12:43 | INFO     | __main__ | Open contract active — holding.
2026-05-06 10:13:14 | INFO     | __main__ | ── Scan | Balance: $10901.92 | Progress: 72.7% ──
2026-05-06 10:13:14 | INFO     | __main__ | Open contract active — holding.
2026-05-06 10:13:44 | INFO     | __main__ | ── Scan | Balance: $10901.92 | Progress: 72.7% ──
2026-05-06 10:13:45 | INFO     | __main__ | Open contract active — holding.
2026-05-06 10:14:15 | INFO     | __main__ | ── Scan | Balance: $10901.92 | Progress: 72.7% ──
2026-05-06 10:14:17 | INFO     | __main__ | Open contract active — holding.
2026-05-06 10:14:47 | INFO     | __main__ | ── Scan | Balance: $10901.92 | Progress: 72.7% ──
2026-05-06 10:14:47 | INFO     | __main__ | Open contract active — holding.
2026-05-06 10:15:21 | WARNING  | __main__ | ⚠️  Deriv API disconnected! Attempting reconnection...
2026-05-06 10:15:21 | ERROR    | modules.risk_manager | Failed to fetch balance: WebSocket disconnected
2026-05-06 10:15:21 | INFO     | __main__ | ── Scan | Balance: $10901.92 | Progress: 72.7% ──
2026-05-06 10:15:21 | ERROR    | modules.order_executor | Failed to fetch portfolio: WebSocket is not connected
2026-05-06 10:15:21 | INFO     | __main__ | Contract closed (SL/TP hit). Ready for next setup.
2026-05-06 10:15:21 | INFO     | modules.risk_manager | [DEMO] Kelly Sizing | Balance: $10901.92 | Stake: $100.00 | SL: $100.00 | TP: $200.00 | R:R 1:2.0
2026-05-06 10:15:21 | ERROR    | modules.data_feed | ticks_history request failed for R_75: WebSocket is not connected
2026-05-06 10:15:21 | ERROR    | modules.data_feed | ticks_history request failed for R_75: WebSocket is not connected
2026-05-06 10:15:21 | WARNING  | __main__ | OHLC fetch failed — skipping cycle.
2026-05-06 10:15:22 | INFO     | modules.connector | 🌐 WebSocket connected to Deriv API (attempt 1)
2026-05-06 10:15:23 | INFO     | modules.connector | Authorized | Account: ansline@gmail.com | Balance: USD 10901.92
2026-05-06 10:15:23 | INFO     | __main__ | ✅ Reconnected to Deriv. Re-subscribing to ticks...
2026-05-06 10:15:24 | INFO     | modules.connector | Subscribed to ticks for R_75 | sub_id: 5447119f-2993-75bf-2a6a-43b746630408
2026-05-06 10:15:59 | WARNING  | __main__ | ⚠️  Deriv API disconnected! Attempting reconnection...
2026-05-06 10:15:59 | ERROR    | modules.risk_manager | Failed to fetch balance: WebSocket disconnected
2026-05-06 10:15:59 | INFO     | __main__ | ── Scan | Balance: $10901.92 | Progress: 72.7% ──
2026-05-06 10:15:59 | ERROR    | modules.order_executor | Failed to fetch portfolio: WebSocket is not connected
2026-05-06 10:15:59 | INFO     | modules.risk_manager | [DEMO] Kelly Sizing | Balance: $10901.92 | Stake: $100.00 | SL: $100.00 | TP: $200.00 | R:R 1:2.0
2026-05-06 10:15:59 | ERROR    | modules.data_feed | ticks_history request failed for R_75: WebSocket is not connected
2026-05-06 10:15:59 | ERROR    | modules.data_feed | ticks_history request failed for R_75: WebSocket is not connected
2026-05-06 10:15:59 | WARNING  | __main__ | OHLC fetch failed — skipping cycle.
2026-05-06 10:16:00 | INFO     | modules.connector | 🌐 WebSocket connected to Deriv API (attempt 1)
2026-05-06 10:16:00 | INFO     | modules.connector | Authorized | Account: ansline@gmail.com | Balance: USD 10901.92
2026-05-06 10:16:00 | INFO     | __main__ | ✅ Reconnected to Deriv. Re-subscribing to ticks...
2026-05-06 10:16:02 | INFO     | modules.connector | Subscribed to ticks for R_75 | sub_id: 9821e084-a7cb-7ce9-789b-ee05d5882f4b
2026-05-06 10:16:29 | INFO     | __main__ | ── Scan | Balance: $10901.92 | Progress: 72.7% ──
2026-05-06 10:16:30 | INFO     | __main__ | Active contract detected on start/scan — syncing state.
2026-05-06 10:16:30 | INFO     | __main__ | Open contract active — holding.
2026-05-06 10:17:00 | INFO     | __main__ | ── Scan | Balance: $10901.92 | Progress: 72.7% ──
2026-05-06 10:17:01 | INFO     | __main__ | Open contract active — holding.
2026-05-06 10:17:38 | WARNING  | __main__ | ⚠️  Deriv API disconnected! Attempting reconnection...
2026-05-06 10:17:38 | ERROR    | modules.risk_manager | Failed to fetch balance: WebSocket disconnected
2026-05-06 10:17:38 | INFO     | __main__ | ── Scan | Balance: $10901.92 | Progress: 72.7% ──
2026-05-06 10:17:38 | ERROR    | modules.order_executor | Failed to fetch portfolio: WebSocket is not connected
2026-05-06 10:17:38 | INFO     | __main__ | Contract closed (SL/TP hit). Ready for next setup.
2026-05-06 10:17:38 | INFO     | modules.risk_manager | [DEMO] Kelly Sizing | Balance: $10901.92 | Stake: $100.00 | SL: $100.00 | TP: $200.00 | R:R 1:2.0
2026-05-06 10:17:38 | ERROR    | modules.data_feed | ticks_history request failed for R_75: WebSocket is not connected
2026-05-06 10:17:38 | ERROR    | modules.data_feed | ticks_history request failed for R_75: WebSocket is not connected
2026-05-06 10:17:38 | WARNING  | __main__ | OHLC fetch failed — skipping cycle.
2026-05-06 10:17:39 | INFO     | modules.connector | 🌐 WebSocket connected to Deriv API (attempt 1)
2026-05-06 10:17:39 | INFO     | modules.connector | Authorized | Account: ansline@gmail.com | Balance: USD 10901.92
2026-05-06 10:17:39 | INFO     | __main__ | ✅ Reconnected to Deriv. Re-subscribing to ticks...
2026-05-06 10:17:40 | INFO     | modules.connector | Subscribed to ticks for R_75 | sub_id: f82f479d-f8e7-c6f4-4773-5cf558bb104d
2026-05-06 10:18:08 | INFO     | __main__ | ── Scan | Balance: $10901.92 | Progress: 72.7% ──
2026-05-06 10:18:08 | INFO     | __main__ | Active contract detected on start/scan — syncing state.
2026-05-06 10:18:08 | INFO     | __main__ | Open contract active — holding.
2026-05-06 10:18:39 | INFO     | __main__ | ── Scan | Balance: $10901.92 | Progress: 72.7% ──
2026-05-06 10:18:39 | INFO     | __main__ | Open contract active — holding.
2026-05-06 10:19:09 | INFO     | __main__ | ── Scan | Balance: $10901.92 | Progress: 72.7% ──
2026-05-06 10:19:10 | INFO     | __main__ | Open contract active — holding.
2026-05-06 10:19:42 | INFO     | __main__ | ── Scan | Balance: $10901.92 | Progress: 72.7% ──
2026-05-06 10:19:42 | INFO     | __main__ | Open contract active — holding.
2026-05-06 10:20:12 | INFO     | __main__ | ── Scan | Balance: $10901.92 | Progress: 72.7% ──
2026-05-06 10:20:13 | INFO     | __main__ | Open contract active — holding.
2026-05-06 10:20:43 | INFO     | __main__ | ── Scan | Balance: $10901.92 | Progress: 72.7% ──
2026-05-06 10:20:43 | INFO     | __main__ | Open contract active — holding.
2026-05-06 10:21:14 | INFO     | __main__ | ── Scan | Balance: $10901.92 | Progress: 72.7% ──
2026-05-06 10:21:14 | INFO     | __main__ | Open contract active — holding.
2026-05-06 10:21:44 | INFO     | __main__ | ── Scan | Balance: $10901.92 | Progress: 72.7% ──
2026-05-06 10:21:45 | INFO     | __main__ | Open contract active — holding.
2026-05-06 10:22:15 | INFO     | __main__ | ── Scan | Balance: $10901.92 | Progress: 72.7% ──
2026-05-06 10:22:15 | INFO     | __main__ | Open contract active — holding.
2026-05-06 10:22:46 | INFO     | __main__ | ── Scan | Balance: $10901.92 | Progress: 72.7% ──
2026-05-06 10:22:46 | INFO     | __main__ | Open contract active — holding.
2026-05-06 10:23:16 | INFO     | __main__ | ── Scan | Balance: $10901.92 | Progress: 72.7% ──
2026-05-06 10:23:17 | INFO     | __main__ | Open contract active — holding.
2026-05-06 10:23:47 | INFO     | __main__ | ── Scan | Balance: $10901.92 | Progress: 72.7% ──
2026-05-06 10:23:48 | INFO     | __main__ | Open contract active — holding.
2026-05-06 10:24:18 | INFO     | __main__ | ── Scan | Balance: $10901.92 | Progress: 72.7% ──
2026-05-06 10:24:18 | INFO     | __main__ | Open contract active — holding.
2026-05-06 10:24:48 | INFO     | __main__ | ── Scan | Balance: $10901.92 | Progress: 72.7% ──
2026-05-06 10:24:49 | INFO     | __main__ | Open contract active — holding.
2026-05-06 10:25:19 | INFO     | __main__ | ── Scan | Balance: $10901.92 | Progress: 72.7% ──
2026-05-06 10:25:19 | INFO     | __main__ | Open contract active — holding.
2026-05-06 10:25:50 | INFO     | __main__ | ── Scan | Balance: $10901.92 | Progress: 72.7% ──
2026-05-06 10:25:51 | INFO     | __main__ | Open contract active — holding.
2026-05-06 10:26:21 | INFO     | __main__ | ── Scan | Balance: $10901.92 | Progress: 72.7% ──
2026-05-06 10:26:21 | INFO     | __main__ | Open contract active — holding.
2026-05-06 10:26:52 | INFO     | __main__ | ── Scan | Balance: $10901.92 | Progress: 72.7% ──
2026-05-06 10:26:52 | INFO     | __main__ | Open contract active — holding.
2026-05-06 10:27:22 | INFO     | __main__ | ── Scan | Balance: $10901.92 | Progress: 72.7% ──
2026-05-06 10:27:23 | INFO     | __main__ | Open contract active — holding.
2026-05-06 10:27:53 | INFO     | __main__ | ── Scan | Balance: $10901.92 | Progress: 72.7% ──
2026-05-06 10:27:53 | INFO     | __main__ | Open contract active — holding.
2026-05-06 10:28:24 | INFO     | __main__ | ── Scan | Balance: $10901.92 | Progress: 72.7% ──
2026-05-06 10:28:24 | INFO     | __main__ | Open contract active — holding.
2026-05-06 10:29:08 | INFO     | __main__ | ── Scan | Balance: $10901.92 | Progress: 72.7% ──
2026-05-06 10:29:09 | INFO     | __main__ | Open contract active — holding.
2026-05-06 10:29:40 | INFO     | __main__ | ── Scan | Balance: $10901.92 | Progress: 72.7% ──
2026-05-06 10:29:40 | INFO     | __main__ | Open contract active — holding.
2026-05-06 10:30:10 | INFO     | __main__ | ── Scan | Balance: $10901.92 | Progress: 72.7% ──
2026-05-06 10:30:11 | INFO     | __main__ | Open contract active — holding.
2026-05-06 10:30:41 | INFO     | __main__ | ── Scan | Balance: $10901.92 | Progress: 72.7% ──
2026-05-06 10:30:41 | INFO     | __main__ | Open contract active — holding.
2026-05-06 10:31:12 | INFO     | __main__ | ── Scan | Balance: $10901.92 | Progress: 72.7% ──
2026-05-06 10:31:15 | INFO     | __main__ | Open contract active — holding.
2026-05-06 10:31:45 | INFO     | __main__ | ── Scan | Balance: $10901.92 | Progress: 72.7% ──
2026-05-06 10:31:46 | INFO     | __main__ | Open contract active — holding.
2026-05-06 10:32:16 | INFO     | __main__ | ── Scan | Balance: $10901.92 | Progress: 72.7% ──
2026-05-06 10:32:16 | INFO     | __main__ | Open contract active — holding.
2026-05-06 10:32:47 | INFO     | __main__ | ── Scan | Balance: $10901.92 | Progress: 72.7% ──
2026-05-06 10:32:47 | INFO     | __main__ | Open contract active — holding.
2026-05-06 10:33:18 | INFO     | __main__ | ── Scan | Balance: $10901.92 | Progress: 72.7% ──
2026-05-06 10:33:18 | INFO     | __main__ | Open contract active — holding.
2026-05-06 10:33:48 | INFO     | __main__ | ── Scan | Balance: $10901.92 | Progress: 72.7% ──
2026-05-06 10:33:49 | INFO     | __main__ | Open contract active — holding.
2026-05-06 10:34:19 | INFO     | __main__ | ── Scan | Balance: $10901.92 | Progress: 72.7% ──
2026-05-06 10:34:19 | INFO     | __main__ | Open contract active — holding.
2026-05-06 10:34:50 | INFO     | __main__ | ── Scan | Balance: $10901.92 | Progress: 72.7% ──
2026-05-06 10:34:50 | INFO     | __main__ | Open contract active — holding.
2026-05-06 10:35:20 | INFO     | __main__ | ── Scan | Balance: $10901.92 | Progress: 72.7% ──
2026-05-06 10:35:21 | INFO     | __main__ | Open contract active — holding.
2026-05-06 10:35:51 | INFO     | __main__ | ── Scan | Balance: $10901.92 | Progress: 72.7% ──
2026-05-06 10:35:51 | INFO     | __main__ | Open contract active — holding.
2026-05-06 10:36:22 | INFO     | __main__ | ── Scan | Balance: $10901.92 | Progress: 72.7% ──
2026-05-06 10:36:23 | INFO     | __main__ | Open contract active — holding.
2026-05-06 10:36:54 | INFO     | __main__ | ── Scan | Balance: $10901.92 | Progress: 72.7% ──
2026-05-06 10:36:54 | INFO     | __main__ | Open contract active — holding.
2026-05-06 10:37:24 | INFO     | __main__ | ── Scan | Balance: $10901.92 | Progress: 72.7% ──
2026-05-06 10:37:25 | INFO     | __main__ | Open contract active — holding.
2026-05-06 10:37:57 | WARNING  | __main__ | ⚠️  Deriv API disconnected! Attempting reconnection...
2026-05-06 10:37:57 | ERROR    | modules.risk_manager | Failed to fetch balance: WebSocket disconnected
2026-05-06 10:37:57 | INFO     | __main__ | ── Scan | Balance: $10901.92 | Progress: 72.7% ──
2026-05-06 10:37:57 | ERROR    | modules.order_executor | Failed to fetch portfolio: WebSocket is not connected
2026-05-06 10:37:57 | INFO     | __main__ | Contract closed (SL/TP hit). Ready for next setup.
2026-05-06 10:37:57 | INFO     | modules.risk_manager | [DEMO] Kelly Sizing | Balance: $10901.92 | Stake: $100.00 | SL: $100.00 | TP: $200.00 | R:R 1:2.0
2026-05-06 10:37:57 | ERROR    | modules.data_feed | ticks_history request failed for R_75: WebSocket is not connected
2026-05-06 10:37:57 | ERROR    | modules.data_feed | ticks_history request failed for R_75: WebSocket is not connected
2026-05-06 10:37:57 | WARNING  | __main__ | OHLC fetch failed — skipping cycle.
2026-05-06 10:37:57 | INFO     | modules.connector | 🌐 WebSocket connected to Deriv API (attempt 1)
2026-05-06 10:37:58 | INFO     | modules.connector | Authorized | Account: ansline@gmail.com | Balance: USD 10901.92
2026-05-06 10:37:58 | INFO     | __main__ | ✅ Reconnected to Deriv. Re-subscribing to ticks...
2026-05-06 10:38:00 | INFO     | modules.connector | Subscribed to ticks for R_75 | sub_id: db5a743f-83e6-6f2f-a88d-882cdd8d25cb
2026-05-06 10:38:27 | INFO     | __main__ | ── Scan | Balance: $10901.92 | Progress: 72.7% ──
2026-05-06 10:38:28 | INFO     | __main__ | Active contract detected on start/scan — syncing state.
2026-05-06 10:38:28 | INFO     | __main__ | Open contract active — holding.
2026-05-06 10:38:58 | INFO     | __main__ | ── Scan | Balance: $10901.92 | Progress: 72.7% ──
2026-05-06 10:38:58 | INFO     | __main__ | Open contract active — holding.
2026-05-06 10:39:29 | INFO     | __main__ | ── Scan | Balance: $10901.92 | Progress: 72.7% ──
2026-05-06 10:39:29 | INFO     | __main__ | Open contract active — holding.
2026-05-06 10:39:59 | INFO     | __main__ | ── Scan | Balance: $10901.92 | Progress: 72.7% ──
2026-05-06 10:40:00 | INFO     | __main__ | Open contract active — holding.
2026-05-06 10:40:30 | INFO     | __main__ | ── Scan | Balance: $10901.92 | Progress: 72.7% ──
2026-05-06 10:40:31 | INFO     | __main__ | Open contract active — holding.
2026-05-06 10:41:04 | INFO     | __main__ | ── Scan | Balance: $10901.92 | Progress: 72.7% ──
2026-05-06 10:41:04 | INFO     | __main__ | Open contract active — holding.
2026-05-06 10:41:34 | INFO     | __main__ | ── Scan | Balance: $10901.92 | Progress: 72.7% ──
2026-05-06 10:41:35 | INFO     | __main__ | Open contract active — holding.
2026-05-06 10:42:05 | INFO     | __main__ | ── Scan | Balance: $10901.92 | Progress: 72.7% ──
2026-05-06 10:42:05 | INFO     | __main__ | Open contract active — holding.
2026-05-06 10:42:36 | INFO     | __main__ | ── Scan | Balance: $10901.92 | Progress: 72.7% ──
2026-05-06 10:42:36 | INFO     | __main__ | Open contract active — holding.
2026-05-06 10:43:06 | INFO     | __main__ | ── Scan | Balance: $10901.92 | Progress: 72.7% ──
2026-05-06 10:43:07 | INFO     | __main__ | Open contract active — holding.
2026-05-06 10:43:37 | INFO     | __main__ | ── Scan | Balance: $10901.92 | Progress: 72.7% ──
2026-05-06 10:43:37 | INFO     | __main__ | Open contract active — holding.
2026-05-06 10:44:08 | INFO     | __main__ | ── Scan | Balance: $10901.92 | Progress: 72.7% ──
2026-05-06 10:44:08 | INFO     | __main__ | Open contract active — holding.
2026-05-06 10:44:39 | INFO     | __main__ | ── Scan | Balance: $10901.92 | Progress: 72.7% ──
2026-05-06 10:44:39 | INFO     | __main__ | Open contract active — holding.
2026-05-06 10:45:09 | INFO     | __main__ | ── Scan | Balance: $10901.92 | Progress: 72.7% ──
2026-05-06 10:45:10 | INFO     | __main__ | Open contract active — holding.
2026-05-06 10:45:40 | INFO     | __main__ | ── Scan | Balance: $10901.92 | Progress: 72.7% ──
2026-05-06 10:45:40 | INFO     | __main__ | Open contract active — holding.
2026-05-06 10:46:11 | INFO     | __main__ | ── Scan | Balance: $10901.92 | Progress: 72.7% ──
2026-05-06 10:46:11 | INFO     | __main__ | Open contract active — holding.
2026-05-06 10:46:41 | INFO     | __main__ | ── Scan | Balance: $10901.92 | Progress: 72.7% ──
2026-05-06 10:46:42 | INFO     | __main__ | Open contract active — holding.
2026-05-06 10:47:12 | INFO     | __main__ | ── Scan | Balance: $10901.92 | Progress: 72.7% ──
2026-05-06 10:47:13 | INFO     | __main__ | Open contract active — holding.
2026-05-06 10:47:43 | INFO     | __main__ | ── Scan | Balance: $10901.92 | Progress: 72.7% ──
2026-05-06 10:47:43 | INFO     | __main__ | Open contract active — holding.
2026-05-06 10:48:14 | INFO     | __main__ | ── Scan | Balance: $10901.92 | Progress: 72.7% ──
2026-05-06 10:48:14 | INFO     | __main__ | Open contract active — holding.
2026-05-06 10:48:42 | WARNING  | __main__ | ⚠️  Deriv API disconnected! Attempting reconnection...
2026-05-06 10:48:43 | INFO     | modules.connector | 🌐 WebSocket connected to Deriv API (attempt 1)
2026-05-06 10:48:43 | INFO     | modules.connector | Authorized | Account: ansline@gmail.com | Balance: USD 10901.92
2026-05-06 10:48:44 | INFO     | __main__ | ✅ Reconnected to Deriv. Re-subscribing to ticks...
2026-05-06 10:48:44 | INFO     | __main__ | ── Scan | Balance: $10901.92 | Progress: 72.7% ──
2026-05-06 10:48:45 | INFO     | __main__ | Open contract active — holding.
2026-05-06 10:48:46 | INFO     | modules.connector | Subscribed to ticks for R_75 | sub_id: 2c672790-c437-165c-24e0-40d49d1b2266
2026-05-06 10:49:15 | INFO     | __main__ | ── Scan | Balance: $10901.92 | Progress: 72.7% ──
2026-05-06 10:49:15 | INFO     | __main__ | Open contract active — holding.
2026-05-06 10:49:46 | INFO     | __main__ | ── Scan | Balance: $10901.92 | Progress: 72.7% ──
2026-05-06 10:49:46 | INFO     | __main__ | Open contract active — holding.
2026-05-06 10:50:16 | INFO     | __main__ | ── Scan | Balance: $10901.92 | Progress: 72.7% ──
2026-05-06 10:50:17 | INFO     | __main__ | Open contract active — holding.
2026-05-06 10:50:47 | INFO     | __main__ | ── Scan | Balance: $10901.92 | Progress: 72.7% ──
2026-05-06 10:50:48 | INFO     | __main__ | Open contract active — holding.
2026-05-06 10:51:18 | INFO     | __main__ | ── Scan | Balance: $10901.92 | Progress: 72.7% ──
2026-05-06 10:51:18 | INFO     | __main__ | Open contract active — holding.
2026-05-06 10:51:49 | INFO     | __main__ | ── Scan | Balance: $10901.92 | Progress: 72.7% ──
2026-05-06 10:51:49 | INFO     | __main__ | Open contract active — holding.
2026-05-06 10:52:19 | INFO     | __main__ | ── Scan | Balance: $10901.92 | Progress: 72.7% ──
2026-05-06 10:52:20 | INFO     | __main__ | Open contract active — holding.
2026-05-06 10:52:50 | INFO     | __main__ | ── Scan | Balance: $10901.92 | Progress: 72.7% ──
2026-05-06 10:52:50 | INFO     | __main__ | Open contract active — holding.
2026-05-06 10:53:21 | INFO     | __main__ | ── Scan | Balance: $10901.92 | Progress: 72.7% ──
2026-05-06 10:53:21 | INFO     | __main__ | Open contract active — holding.
2026-05-06 10:53:51 | INFO     | __main__ | ── Scan | Balance: $10901.92 | Progress: 72.7% ──
2026-05-06 10:53:52 | INFO     | __main__ | Open contract active — holding.
2026-05-06 10:54:22 | INFO     | __main__ | ── Scan | Balance: $10901.92 | Progress: 72.7% ──
2026-05-06 10:54:22 | INFO     | __main__ | Open contract active — holding.
2026-05-06 10:54:53 | INFO     | __main__ | ── Scan | Balance: $10901.92 | Progress: 72.7% ──
2026-05-06 10:54:53 | INFO     | __main__ | Open contract active — holding.
2026-05-06 10:55:23 | INFO     | __main__ | ── Scan | Balance: $10901.92 | Progress: 72.7% ──
2026-05-06 10:55:24 | INFO     | __main__ | Open contract active — holding.
2026-05-06 10:55:54 | INFO     | __main__ | ── Scan | Balance: $10901.92 | Progress: 72.7% ──
2026-05-06 10:55:54 | INFO     | __main__ | Open contract active — holding.
2026-05-06 10:56:25 | INFO     | __main__ | ── Scan | Balance: $10901.92 | Progress: 72.7% ──
2026-05-06 10:56:25 | INFO     | __main__ | Open contract active — holding.
2026-05-06 10:56:55 | INFO     | __main__ | ── Scan | Balance: $10901.92 | Progress: 72.7% ──
2026-05-06 10:56:56 | INFO     | __main__ | Open contract active — holding.
2026-05-06 10:57:26 | INFO     | __main__ | ── Scan | Balance: $10901.92 | Progress: 72.7% ──
2026-05-06 10:57:26 | INFO     | __main__ | Open contract active — holding.
2026-05-06 10:57:57 | INFO     | __main__ | ── Scan | Balance: $10901.92 | Progress: 72.7% ──
2026-05-06 10:57:57 | INFO     | __main__ | Open contract active — holding.
2026-05-06 10:58:27 | INFO     | __main__ | ── Scan | Balance: $10901.92 | Progress: 72.7% ──
2026-05-06 10:58:28 | INFO     | __main__ | Open contract active — holding.
2026-05-06 10:58:58 | INFO     | __main__ | ── Scan | Balance: $10901.92 | Progress: 72.7% ──
2026-05-06 10:58:58 | INFO     | __main__ | Open contract active — holding.
2026-05-06 10:59:29 | INFO     | __main__ | ── Scan | Balance: $10901.92 | Progress: 72.7% ──
2026-05-06 10:59:29 | INFO     | __main__ | Open contract active — holding.
2026-05-06 10:59:59 | INFO     | __main__ | ── Scan | Balance: $10901.92 | Progress: 72.7% ──
2026-05-06 11:00:00 | INFO     | __main__ | Open contract active — holding.
2026-05-06 11:00:30 | INFO     | __main__ | ── Scan | Balance: $10901.92 | Progress: 72.7% ──
2026-05-06 11:00:31 | INFO     | __main__ | Open contract active — holding.
2026-05-06 11:01:02 | INFO     | __main__ | ── Scan | Balance: $10901.92 | Progress: 72.7% ──
2026-05-06 11:01:02 | INFO     | __main__ | Open contract active — holding.
2026-05-06 11:01:33 | INFO     | __main__ | ── Scan | Balance: $10901.92 | Progress: 72.7% ──
2026-05-06 11:01:33 | INFO     | __main__ | Open contract active — holding.
2026-05-06 11:02:03 | INFO     | __main__ | ── Scan | Balance: $10901.92 | Progress: 72.7% ──
2026-05-06 11:02:04 | INFO     | __main__ | Open contract active — holding.
2026-05-06 11:02:34 | INFO     | __main__ | ── Scan | Balance: $10901.92 | Progress: 72.7% ──
2026-05-06 11:02:34 | INFO     | __main__ | Open contract active — holding.
2026-05-06 11:03:05 | INFO     | __main__ | ── Scan | Balance: $10901.92 | Progress: 72.7% ──
2026-05-06 11:03:05 | INFO     | __main__ | Open contract active — holding.
2026-05-06 11:03:35 | INFO     | __main__ | ── Scan | Balance: $10901.92 | Progress: 72.7% ──
2026-05-06 11:03:36 | INFO     | __main__ | Open contract active — holding.
2026-05-06 11:04:06 | INFO     | __main__ | ── Scan | Balance: $10901.92 | Progress: 72.7% ──
2026-05-06 11:04:06 | INFO     | __main__ | Open contract active — holding.
2026-05-06 11:04:37 | INFO     | __main__ | ── Scan | Balance: $10901.92 | Progress: 72.7% ──
2026-05-06 11:04:37 | INFO     | __main__ | Open contract active — holding.
2026-05-06 11:05:07 | INFO     | __main__ | ── Scan | Balance: $10901.92 | Progress: 72.7% ──
2026-05-06 11:05:08 | INFO     | __main__ | Open contract active — holding.
2026-05-06 11:05:38 | INFO     | __main__ | ── Scan | Balance: $10901.92 | Progress: 72.7% ──
2026-05-06 11:05:39 | INFO     | __main__ | Open contract active — holding.
2026-05-06 11:06:09 | INFO     | __main__ | ── Scan | Balance: $10901.92 | Progress: 72.7% ──
2026-05-06 11:06:09 | INFO     | __main__ | Open contract active — holding.
2026-05-06 11:06:40 | INFO     | __main__ | ── Scan | Balance: $10901.92 | Progress: 72.7% ──
2026-05-06 11:06:40 | INFO     | __main__ | Open contract active — holding.
2026-05-06 11:07:10 | INFO     | __main__ | ── Scan | Balance: $10901.92 | Progress: 72.7% ──
2026-05-06 11:07:11 | INFO     | __main__ | Open contract active — holding.
2026-05-06 11:07:41 | INFO     | __main__ | ── Scan | Balance: $10901.92 | Progress: 72.7% ──
2026-05-06 11:07:41 | INFO     | __main__ | Open contract active — holding.
2026-05-06 11:08:12 | INFO     | __main__ | ── Scan | Balance: $10901.92 | Progress: 72.7% ──
2026-05-06 11:08:13 | INFO     | __main__ | Open contract active — holding.
2026-05-06 11:08:43 | INFO     | __main__ | ── Scan | Balance: $10901.92 | Progress: 72.7% ──
2026-05-06 11:08:43 | INFO     | __main__ | Open contract active — holding.
2026-05-06 11:09:14 | INFO     | __main__ | ── Scan | Balance: $10901.92 | Progress: 72.7% ──
2026-05-06 11:09:14 | INFO     | __main__ | Open contract active — holding.
2026-05-06 11:09:44 | INFO     | __main__ | ── Scan | Balance: $10901.92 | Progress: 72.7% ──
2026-05-06 11:09:45 | INFO     | __main__ | Open contract active — holding.
2026-05-06 11:10:15 | INFO     | __main__ | ── Scan | Balance: $10901.92 | Progress: 72.7% ──
2026-05-06 11:10:15 | INFO     | __main__ | Open contract active — holding.
2026-05-06 11:10:46 | INFO     | __main__ | ── Scan | Balance: $10901.92 | Progress: 72.7% ──
2026-05-06 11:10:46 | INFO     | __main__ | Open contract active — holding.
2026-05-06 11:11:16 | INFO     | __main__ | ── Scan | Balance: $10901.92 | Progress: 72.7% ──
2026-05-06 11:11:17 | INFO     | __main__ | Open contract active — holding.
2026-05-06 11:11:47 | INFO     | __main__ | ── Scan | Balance: $10901.92 | Progress: 72.7% ──
2026-05-06 11:11:48 | INFO     | __main__ | Open contract active — holding.
2026-05-06 11:12:18 | INFO     | __main__ | ── Scan | Balance: $10901.92 | Progress: 72.7% ──
2026-05-06 11:12:18 | INFO     | __main__ | Open contract active — holding.
2026-05-06 11:12:49 | INFO     | __main__ | ── Scan | Balance: $10901.92 | Progress: 72.7% ──
2026-05-06 11:12:49 | INFO     | __main__ | Open contract active — holding.
2026-05-06 11:13:19 | INFO     | __main__ | ── Scan | Balance: $10901.92 | Progress: 72.7% ──
2026-05-06 11:13:20 | INFO     | __main__ | Open contract active — holding.
2026-05-06 11:13:50 | INFO     | __main__ | ── Scan | Balance: $10901.92 | Progress: 72.7% ──
2026-05-06 11:13:50 | INFO     | __main__ | Open contract active — holding.
2026-05-06 11:14:21 | INFO     | __main__ | ── Scan | Balance: $10901.92 | Progress: 72.7% ──
2026-05-06 11:14:21 | INFO     | __main__ | Open contract active — holding.
2026-05-06 11:14:52 | INFO     | __main__ | ── Scan | Balance: $10901.92 | Progress: 72.7% ──
2026-05-06 11:14:52 | INFO     | __main__ | Open contract active — holding.
2026-05-06 11:15:23 | INFO     | __main__ | ── Scan | Balance: $10901.92 | Progress: 72.7% ──
2026-05-06 11:15:23 | INFO     | __main__ | Open contract active — holding.
2026-05-06 11:15:53 | INFO     | __main__ | ── Scan | Balance: $10901.92 | Progress: 72.7% ──
2026-05-06 11:15:54 | INFO     | __main__ | Open contract active — holding.
2026-05-06 11:16:24 | INFO     | __main__ | ── Scan | Balance: $10901.92 | Progress: 72.7% ──
2026-05-06 11:16:25 | INFO     | __main__ | Open contract active — holding.
2026-05-06 11:16:55 | INFO     | __main__ | ── Scan | Balance: $10901.92 | Progress: 72.7% ──
2026-05-06 11:16:55 | INFO     | __main__ | Open contract active — holding.
2026-05-06 11:17:26 | INFO     | __main__ | ── Scan | Balance: $10901.92 | Progress: 72.7% ──
2026-05-06 11:17:26 | INFO     | __main__ | Open contract active — holding.
2026-05-06 11:17:57 | INFO     | __main__ | ── Scan | Balance: $10901.92 | Progress: 72.7% ──
2026-05-06 11:17:57 | INFO     | __main__ | Open contract active — holding.
2026-05-06 11:18:27 | INFO     | __main__ | ── Scan | Balance: $10901.92 | Progress: 72.7% ──
2026-05-06 11:18:28 | INFO     | __main__ | Open contract active — holding.
2026-05-06 11:18:58 | INFO     | __main__ | ── Scan | Balance: $10901.92 | Progress: 72.7% ──
2026-05-06 11:18:59 | INFO     | __main__ | Open contract active — holding.
2026-05-06 11:19:29 | INFO     | __main__ | ── Scan | Balance: $10901.92 | Progress: 72.7% ──
2026-05-06 11:19:29 | INFO     | __main__ | Open contract active — holding.
2026-05-06 11:20:00 | INFO     | __main__ | ── Scan | Balance: $10901.92 | Progress: 72.7% ──
2026-05-06 11:20:00 | INFO     | __main__ | Open contract active — holding.
2026-05-06 11:20:30 | INFO     | __main__ | ── Scan | Balance: $10901.92 | Progress: 72.7% ──
2026-05-06 11:20:31 | INFO     | __main__ | Open contract active — holding.
2026-05-06 11:21:01 | INFO     | __main__ | ── Scan | Balance: $10901.92 | Progress: 72.7% ──
2026-05-06 11:21:01 | INFO     | __main__ | Open contract active — holding.
2026-05-06 11:21:32 | INFO     | __main__ | ── Scan | Balance: $10901.92 | Progress: 72.7% ──
2026-05-06 11:21:32 | INFO     | __main__ | Open contract active — holding.
2026-05-06 11:22:03 | INFO     | __main__ | ── Scan | Balance: $10901.92 | Progress: 72.7% ──
2026-05-06 11:22:03 | INFO     | __main__ | Open contract active — holding.
2026-05-06 11:22:34 | INFO     | __main__ | ── Scan | Balance: $10901.92 | Progress: 72.7% ──
2026-05-06 11:22:34 | INFO     | __main__ | Open contract active — holding.
2026-05-06 11:23:04 | INFO     | __main__ | ── Scan | Balance: $10901.92 | Progress: 72.7% ──
2026-05-06 11:23:05 | INFO     | __main__ | Open contract active — holding.
2026-05-06 11:23:35 | INFO     | __main__ | ── Scan | Balance: $10901.92 | Progress: 72.7% ──
2026-05-06 11:23:35 | INFO     | __main__ | Open contract active — holding.
2026-05-06 11:24:06 | INFO     | __main__ | ── Scan | Balance: $10901.92 | Progress: 72.7% ──
2026-05-06 11:24:06 | INFO     | __main__ | Open contract active — holding.
2026-05-06 11:24:36 | INFO     | __main__ | ── Scan | Balance: $10901.92 | Progress: 72.7% ──
2026-05-06 11:24:37 | INFO     | __main__ | Open contract active — holding.
2026-05-06 11:25:07 | INFO     | __main__ | ── Scan | Balance: $10901.92 | Progress: 72.7% ──
2026-05-06 11:25:07 | INFO     | __main__ | Open contract active — holding.
2026-05-06 11:25:38 | INFO     | __main__ | ── Scan | Balance: $10901.92 | Progress: 72.7% ──
2026-05-06 11:25:38 | INFO     | __main__ | Open contract active — holding.
2026-05-06 11:26:09 | INFO     | __main__ | ── Scan | Balance: $10901.92 | Progress: 72.7% ──
2026-05-06 11:26:09 | INFO     | __main__ | Open contract active — holding.
2026-05-06 11:26:39 | INFO     | __main__ | ── Scan | Balance: $10901.92 | Progress: 72.7% ──
2026-05-06 11:26:39 | INFO     | __main__ | Open contract active — holding.
2026-05-06 11:27:10 | INFO     | __main__ | ── Scan | Balance: $10901.92 | Progress: 72.7% ──
2026-05-06 11:27:10 | INFO     | __main__ | Open contract active — holding.
2026-05-06 11:27:41 | INFO     | __main__ | ── Scan | Balance: $10901.92 | Progress: 72.7% ──
2026-05-06 11:27:41 | INFO     | __main__ | Open contract active — holding.
2026-05-06 11:28:12 | INFO     | __main__ | ── Scan | Balance: $10901.92 | Progress: 72.7% ──
2026-05-06 11:28:12 | INFO     | __main__ | Open contract active — holding.
2026-05-06 11:28:43 | INFO     | __main__ | ── Scan | Balance: $10901.92 | Progress: 72.7% ──
2026-05-06 11:28:43 | INFO     | __main__ | Open contract active — holding.
2026-05-06 11:29:13 | INFO     | __main__ | ── Scan | Balance: $10901.92 | Progress: 72.7% ──
2026-05-06 11:29:14 | INFO     | __main__ | Open contract active — holding.
2026-05-06 11:29:44 | INFO     | __main__ | ── Scan | Balance: $10901.92 | Progress: 72.7% ──
2026-05-06 11:29:44 | INFO     | __main__ | Open contract active — holding.
2026-05-06 11:30:15 | INFO     | __main__ | ── Scan | Balance: $10901.92 | Progress: 72.7% ──
2026-05-06 11:30:15 | INFO     | __main__ | Open contract active — holding.
2026-05-06 11:30:48 | WARNING  | __main__ | ⚠️  Deriv API disconnected! Attempting reconnection...
2026-05-06 11:30:48 | ERROR    | modules.risk_manager | Failed to fetch balance: WebSocket disconnected
2026-05-06 11:30:48 | INFO     | __main__ | ── Scan | Balance: $10901.92 | Progress: 72.7% ──
2026-05-06 11:30:48 | ERROR    | modules.order_executor | Failed to fetch portfolio: WebSocket is not connected
2026-05-06 11:30:48 | INFO     | __main__ | Contract closed (SL/TP hit). Ready for next setup.
2026-05-06 11:30:48 | INFO     | modules.risk_manager | [DEMO] Kelly Sizing | Balance: $10901.92 | Stake: $100.00 | SL: $100.00 | TP: $200.00 | R:R 1:2.0
2026-05-06 11:30:48 | ERROR    | modules.data_feed | ticks_history request failed for R_75: WebSocket is not connected
2026-05-06 11:30:48 | ERROR    | modules.data_feed | ticks_history request failed for R_75: WebSocket is not connected
2026-05-06 11:30:48 | WARNING  | __main__ | OHLC fetch failed — skipping cycle.
2026-05-06 11:30:49 | INFO     | modules.connector | 🌐 WebSocket connected to Deriv API (attempt 1)
2026-05-06 11:30:49 | INFO     | modules.connector | Authorized | Account: ansline@gmail.com | Balance: USD 10901.92
2026-05-06 11:30:49 | INFO     | __main__ | ✅ Reconnected to Deriv. Re-subscribing to ticks...
2026-05-06 11:30:50 | INFO     | modules.connector | Subscribed to ticks for R_75 | sub_id: b0e03923-1fa3-805b-5a5d-2f5d6ff404ce
2026-05-06 11:31:18 | INFO     | __main__ | ── Scan | Balance: $10901.92 | Progress: 72.7% ──
2026-05-06 11:31:18 | INFO     | __main__ | Active contract detected on start/scan — syncing state.
2026-05-06 11:31:18 | INFO     | __main__ | Open contract active — holding.
2026-05-06 11:31:49 | INFO     | __main__ | ── Scan | Balance: $10901.92 | Progress: 72.7% ──
2026-05-06 11:31:49 | INFO     | __main__ | Open contract active — holding.
2026-05-06 11:32:19 | INFO     | __main__ | ── Scan | Balance: $10901.92 | Progress: 72.7% ──
2026-05-06 11:32:20 | INFO     | __main__ | Open contract active — holding.
2026-05-06 11:32:50 | INFO     | __main__ | ── Scan | Balance: $10901.92 | Progress: 72.7% ──
2026-05-06 11:32:51 | INFO     | __main__ | Open contract active — holding.
2026-05-06 11:33:21 | INFO     | __main__ | ── Scan | Balance: $10901.92 | Progress: 72.7% ──
2026-05-06 11:33:21 | INFO     | __main__ | Open contract active — holding.
2026-05-06 11:33:51 | INFO     | __main__ | ── Scan | Balance: $10901.92 | Progress: 72.7% ──
2026-05-06 11:33:52 | INFO     | __main__ | Open contract active — holding.
2026-05-06 11:34:22 | INFO     | __main__ | ── Scan | Balance: $10901.92 | Progress: 72.7% ──
2026-05-06 11:34:22 | INFO     | __main__ | Open contract active — holding.
2026-05-06 11:34:53 | INFO     | __main__ | ── Scan | Balance: $10901.92 | Progress: 72.7% ──
2026-05-06 11:34:53 | INFO     | __main__ | Open contract active — holding.
2026-05-06 11:35:25 | INFO     | __main__ | ── Scan | Balance: $10901.92 | Progress: 72.7% ──
2026-05-06 11:35:26 | INFO     | __main__ | Open contract active — holding.
2026-05-06 11:35:56 | INFO     | __main__ | ── Scan | Balance: $10901.92 | Progress: 72.7% ──
2026-05-06 11:35:56 | INFO     | __main__ | Open contract active — holding.
2026-05-06 11:36:27 | INFO     | __main__ | ── Scan | Balance: $10901.92 | Progress: 72.7% ──
2026-05-06 11:36:27 | INFO     | __main__ | Open contract active — holding.
2026-05-06 11:36:58 | INFO     | __main__ | ── Scan | Balance: $10901.92 | Progress: 72.7% ──
2026-05-06 11:37:28 | WARNING  | __main__ | ⚠️  Deriv API disconnected! Attempting reconnection...
2026-05-06 11:37:28 | ERROR    | modules.order_executor | Failed to fetch portfolio: WebSocket disconnected
2026-05-06 11:37:28 | INFO     | __main__ | Contract closed (SL/TP hit). Ready for next setup.
2026-05-06 11:37:28 | INFO     | modules.risk_manager | [DEMO] Kelly Sizing | Balance: $10901.92 | Stake: $100.00 | SL: $100.00 | TP: $200.00 | R:R 1:2.0
2026-05-06 11:37:28 | ERROR    | modules.data_feed | ticks_history request failed for R_75: WebSocket is not connected
2026-05-06 11:37:28 | ERROR    | modules.data_feed | ticks_history request failed for R_75: WebSocket is not connected
2026-05-06 11:37:28 | WARNING  | __main__ | OHLC fetch failed — skipping cycle.
2026-05-06 11:37:29 | INFO     | modules.connector | 🌐 WebSocket connected to Deriv API (attempt 1)
2026-05-06 11:37:29 | INFO     | modules.connector | Authorized | Account: ansline@gmail.com | Balance: USD 10901.92
2026-05-06 11:37:30 | INFO     | __main__ | ✅ Reconnected to Deriv. Re-subscribing to ticks...
2026-05-06 11:37:32 | INFO     | modules.connector | Subscribed to ticks for R_75 | sub_id: 6fc45ba6-cdd5-ba60-514d-ee633db91b92
2026-05-06 11:37:59 | INFO     | __main__ | ── Scan | Balance: $10901.92 | Progress: 72.7% ──
2026-05-06 11:37:59 | INFO     | __main__ | Active contract detected on start/scan — syncing state.
2026-05-06 11:37:59 | INFO     | __main__ | Open contract active — holding.
2026-05-06 11:38:29 | INFO     | __main__ | ── Scan | Balance: $10901.92 | Progress: 72.7% ──
2026-05-06 11:38:30 | INFO     | __main__ | Open contract active — holding.
2026-05-06 11:39:00 | INFO     | __main__ | ── Scan | Balance: $10901.92 | Progress: 72.7% ──
2026-05-06 11:39:00 | INFO     | __main__ | Open contract active — holding.
2026-05-06 11:39:31 | INFO     | __main__ | ── Scan | Balance: $10901.92 | Progress: 72.7% ──
2026-05-06 11:39:31 | INFO     | __main__ | Open contract active — holding.
2026-05-06 11:40:01 | INFO     | __main__ | ── Scan | Balance: $10901.92 | Progress: 72.7% ──
2026-05-06 11:40:02 | INFO     | __main__ | Open contract active — holding.
2026-05-06 11:40:32 | INFO     | __main__ | ── Scan | Balance: $10901.92 | Progress: 72.7% ──
2026-05-06 11:40:33 | INFO     | __main__ | Open contract active — holding.
2026-05-06 11:41:03 | INFO     | __main__ | ── Scan | Balance: $10901.92 | Progress: 72.7% ──
2026-05-06 11:41:03 | INFO     | __main__ | Open contract active — holding.
2026-05-06 11:41:34 | INFO     | __main__ | ── Scan | Balance: $10901.92 | Progress: 72.7% ──
2026-05-06 11:41:34 | INFO     | __main__ | Open contract active — holding.
2026-05-06 11:42:04 | INFO     | __main__ | ── Scan | Balance: $10901.92 | Progress: 72.7% ──
2026-05-06 11:42:05 | INFO     | __main__ | Open contract active — holding.
2026-05-06 11:42:35 | INFO     | __main__ | ── Scan | Balance: $10901.92 | Progress: 72.7% ──
2026-05-06 11:42:36 | INFO     | __main__ | Open contract active — holding.
2026-05-06 11:43:06 | INFO     | __main__ | ── Scan | Balance: $10901.92 | Progress: 72.7% ──
2026-05-06 11:43:06 | INFO     | __main__ | Open contract active — holding.
2026-05-06 11:43:37 | INFO     | __main__ | ── Scan | Balance: $10901.92 | Progress: 72.7% ──
2026-05-06 11:43:37 | INFO     | __main__ | Open contract active — holding.
2026-05-06 11:44:07 | INFO     | __main__ | ── Scan | Balance: $10901.92 | Progress: 72.7% ──
2026-05-06 11:44:08 | INFO     | __main__ | Open contract active — holding.
2026-05-06 11:44:38 | INFO     | __main__ | ── Scan | Balance: $10901.92 | Progress: 72.7% ──
2026-05-06 11:44:38 | INFO     | __main__ | Open contract active — holding.
2026-05-06 11:45:09 | INFO     | __main__ | ── Scan | Balance: $10901.92 | Progress: 72.7% ──
2026-05-06 11:45:09 | INFO     | __main__ | Open contract active — holding.
2026-05-06 11:45:39 | INFO     | __main__ | ── Scan | Balance: $10901.92 | Progress: 72.7% ──
2026-05-06 11:45:40 | INFO     | __main__ | Open contract active — holding.
2026-05-06 11:46:10 | INFO     | __main__ | ── Scan | Balance: $10901.92 | Progress: 72.7% ──
2026-05-06 11:46:11 | INFO     | __main__ | Open contract active — holding.
2026-05-06 11:46:41 | INFO     | __main__ | ── Scan | Balance: $10901.92 | Progress: 72.7% ──
2026-05-06 11:46:42 | INFO     | __main__ | Open contract active — holding.
2026-05-06 11:47:12 | INFO     | __main__ | ── Scan | Balance: $10901.92 | Progress: 72.7% ──
2026-05-06 11:47:12 | INFO     | __main__ | Open contract active — holding.
2026-05-06 11:47:42 | INFO     | __main__ | ── Scan | Balance: $10901.92 | Progress: 72.7% ──
2026-05-06 11:47:43 | INFO     | __main__ | Open contract active — holding.
2026-05-06 11:48:13 | INFO     | __main__ | ── Scan | Balance: $10901.92 | Progress: 72.7% ──
2026-05-06 11:48:13 | INFO     | __main__ | Open contract active — holding.
2026-05-06 11:48:44 | INFO     | __main__ | ── Scan | Balance: $10901.92 | Progress: 72.7% ──
2026-05-06 11:48:44 | INFO     | __main__ | Open contract active — holding.
2026-05-06 11:49:14 | INFO     | __main__ | ── Scan | Balance: $10901.92 | Progress: 72.7% ──
2026-05-06 11:49:15 | INFO     | __main__ | Open contract active — holding.
2026-05-06 11:49:45 | INFO     | __main__ | ── Scan | Balance: $10901.92 | Progress: 72.7% ──
2026-05-06 11:49:46 | INFO     | __main__ | Open contract active — holding.
2026-05-06 11:50:16 | INFO     | __main__ | ── Scan | Balance: $10901.92 | Progress: 72.7% ──
2026-05-06 11:50:17 | INFO     | __main__ | Open contract active — holding.
2026-05-06 11:50:47 | INFO     | __main__ | ── Scan | Balance: $10901.92 | Progress: 72.7% ──
2026-05-06 11:50:47 | INFO     | __main__ | Open contract active — holding.
2026-05-06 11:51:18 | INFO     | __main__ | ── Scan | Balance: $10901.92 | Progress: 72.7% ──
2026-05-06 11:51:18 | INFO     | __main__ | Open contract active — holding.
2026-05-06 11:51:48 | INFO     | __main__ | ── Scan | Balance: $10901.92 | Progress: 72.7% ──
2026-05-06 11:51:49 | INFO     | __main__ | Open contract active — holding.
2026-05-06 11:52:19 | INFO     | __main__ | ── Scan | Balance: $10901.92 | Progress: 72.7% ──
2026-05-06 11:52:20 | INFO     | __main__ | Open contract active — holding.
2026-05-06 11:52:50 | INFO     | __main__ | ── Scan | Balance: $10901.92 | Progress: 72.7% ──
2026-05-06 11:52:50 | INFO     | __main__ | Open contract active — holding.
2026-05-06 11:53:20 | INFO     | __main__ | ── Scan | Balance: $10901.92 | Progress: 72.7% ──
2026-05-06 11:53:21 | INFO     | __main__ | Open contract active — holding.
2026-05-06 11:53:51 | INFO     | __main__ | ── Scan | Balance: $10901.92 | Progress: 72.7% ──
2026-05-06 11:53:51 | INFO     | __main__ | Open contract active — holding.
2026-05-06 11:54:22 | INFO     | __main__ | ── Scan | Balance: $10901.92 | Progress: 72.7% ──
2026-05-06 11:54:22 | INFO     | __main__ | Open contract active — holding.
2026-05-06 11:54:52 | INFO     | __main__ | ── Scan | Balance: $10901.92 | Progress: 72.7% ──
2026-05-06 11:54:53 | INFO     | __main__ | Open contract active — holding.
2026-05-06 11:55:23 | INFO     | __main__ | ── Scan | Balance: $10901.92 | Progress: 72.7% ──
2026-05-06 11:55:23 | INFO     | __main__ | Open contract active — holding.
2026-05-06 11:55:54 | INFO     | __main__ | ── Scan | Balance: $10901.92 | Progress: 72.7% ──
2026-05-06 11:55:54 | INFO     | __main__ | Open contract active — holding.
2026-05-06 11:56:24 | INFO     | __main__ | ── Scan | Balance: $10901.92 | Progress: 72.7% ──
2026-05-06 11:56:25 | INFO     | __main__ | Open contract active — holding.
2026-05-06 11:56:55 | INFO     | __main__ | ── Scan | Balance: $10901.92 | Progress: 72.7% ──
2026-05-06 11:56:55 | INFO     | __main__ | Open contract active — holding.
2026-05-06 11:57:48 | WARNING  | __main__ | ⚠️  Deriv API disconnected! Attempting reconnection...
2026-05-06 11:57:48 | ERROR    | modules.risk_manager | Failed to fetch balance: WebSocket disconnected
2026-05-06 11:57:48 | INFO     | __main__ | ── Scan | Balance: $10901.92 | Progress: 72.7% ──
2026-05-06 11:57:48 | ERROR    | modules.order_executor | Failed to fetch portfolio: WebSocket is not connected
2026-05-06 11:57:48 | INFO     | __main__ | Contract closed (SL/TP hit). Ready for next setup.
2026-05-06 11:57:48 | INFO     | modules.risk_manager | [DEMO] Kelly Sizing | Balance: $10901.92 | Stake: $100.00 | SL: $100.00 | TP: $200.00 | R:R 1:2.0
2026-05-06 11:57:48 | ERROR    | modules.data_feed | ticks_history request failed for R_75: WebSocket is not connected
2026-05-06 11:57:48 | ERROR    | modules.data_feed | ticks_history request failed for R_75: WebSocket is not connected
2026-05-06 11:57:48 | WARNING  | __main__ | OHLC fetch failed — skipping cycle.
2026-05-06 11:57:49 | INFO     | modules.connector | 🌐 WebSocket connected to Deriv API (attempt 1)
2026-05-06 11:57:49 | INFO     | modules.connector | Authorized | Account: ansline@gmail.com | Balance: USD 10901.92
2026-05-06 11:57:50 | INFO     | __main__ | ✅ Reconnected to Deriv. Re-subscribing to ticks...
2026-05-06 11:57:50 | INFO     | modules.connector | Subscribed to ticks for R_75 | sub_id: 0d10ec69-bdb8-892d-4472-4882aa2fa636
2026-05-06 11:58:18 | INFO     | __main__ | ── Scan | Balance: $10901.92 | Progress: 72.7% ──
2026-05-06 11:58:19 | INFO     | __main__ | Active contract detected on start/scan — syncing state.
2026-05-06 11:58:19 | INFO     | __main__ | Open contract active — holding.
2026-05-06 11:58:49 | INFO     | __main__ | ── Scan | Balance: $10901.92 | Progress: 72.7% ──
2026-05-06 11:58:50 | INFO     | __main__ | Open contract active — holding.
2026-05-06 11:59:20 | INFO     | __main__ | ── Scan | Balance: $10901.92 | Progress: 72.7% ──
2026-05-06 11:59:20 | INFO     | __main__ | Open contract active — holding.
2026-05-06 11:59:50 | INFO     | __main__ | ── Scan | Balance: $10901.92 | Progress: 72.7% ──
2026-05-06 11:59:51 | INFO     | __main__ | Open contract active — holding.
2026-05-06 12:00:21 | INFO     | __main__ | ── Scan | Balance: $10901.92 | Progress: 72.7% ──
2026-05-06 12:00:21 | INFO     | __main__ | Open contract active — holding.
2026-05-06 12:00:52 | INFO     | __main__ | ── Scan | Balance: $10901.92 | Progress: 72.7% ──
2026-05-06 12:00:52 | INFO     | __main__ | Open contract active — holding.
2026-05-06 12:01:22 | INFO     | __main__ | ── Scan | Balance: $10901.92 | Progress: 72.7% ──
2026-05-06 12:01:23 | INFO     | __main__ | Open contract active — holding.
2026-05-06 12:01:53 | INFO     | __main__ | ── Scan | Balance: $10901.92 | Progress: 72.7% ──
2026-05-06 12:01:54 | INFO     | __main__ | Open contract active — holding.
2026-05-06 12:02:24 | INFO     | __main__ | ── Scan | Balance: $10901.92 | Progress: 72.7% ──
2026-05-06 12:02:24 | INFO     | __main__ | Open contract active — holding.
2026-05-06 12:02:55 | INFO     | __main__ | ── Scan | Balance: $10901.92 | Progress: 72.7% ──
2026-05-06 12:02:55 | INFO     | __main__ | Open contract active — holding.
2026-05-06 12:03:26 | INFO     | __main__ | ── Scan | Balance: $10901.92 | Progress: 72.7% ──
2026-05-06 12:03:26 | INFO     | __main__ | Open contract active — holding.
2026-05-06 12:03:56 | INFO     | __main__ | ── Scan | Balance: $10901.92 | Progress: 72.7% ──
2026-05-06 12:03:57 | INFO     | __main__ | Open contract active — holding.
2026-05-06 12:04:27 | INFO     | __main__ | ── Scan | Balance: $10901.92 | Progress: 72.7% ──
2026-05-06 12:04:27 | INFO     | __main__ | Open contract active — holding.
2026-05-06 12:04:58 | INFO     | __main__ | ── Scan | Balance: $10901.92 | Progress: 72.7% ──
2026-05-06 12:04:58 | INFO     | __main__ | Open contract active — holding.
2026-05-06 12:05:59 | WARNING  | __main__ | ⚠️  Deriv API disconnected! Attempting reconnection...
2026-05-06 12:05:59 | ERROR    | modules.risk_manager | Failed to fetch balance: WebSocket disconnected
2026-05-06 12:05:59 | INFO     | __main__ | ── Scan | Balance: $10901.92 | Progress: 72.7% ──
2026-05-06 12:05:59 | ERROR    | modules.order_executor | Failed to fetch portfolio: WebSocket is not connected
2026-05-06 12:05:59 | INFO     | __main__ | Contract closed (SL/TP hit). Ready for next setup.
2026-05-06 12:05:59 | INFO     | modules.risk_manager | [DEMO] Kelly Sizing | Balance: $10901.92 | Stake: $100.00 | SL: $100.00 | TP: $200.00 | R:R 1:2.0
2026-05-06 12:05:59 | ERROR    | modules.data_feed | ticks_history request failed for R_75: WebSocket is not connected
2026-05-06 12:05:59 | ERROR    | modules.data_feed | ticks_history request failed for R_75: WebSocket is not connected
2026-05-06 12:05:59 | WARNING  | __main__ | OHLC fetch failed — skipping cycle.
2026-05-06 12:06:00 | INFO     | modules.connector | 🌐 WebSocket connected to Deriv API (attempt 1)
2026-05-06 12:06:00 | INFO     | modules.connector | Authorized | Account: ansline@gmail.com | Balance: USD 10901.92
2026-05-06 12:06:01 | INFO     | __main__ | ✅ Reconnected to Deriv. Re-subscribing to ticks...
2026-05-06 12:06:04 | INFO     | modules.connector | Subscribed to ticks for R_75 | sub_id: 2aa80f28-2967-9829-1af7-70c3c8bea139
2026-05-06 12:06:29 | INFO     | __main__ | ── Scan | Balance: $10901.92 | Progress: 72.7% ──
2026-05-06 12:06:30 | INFO     | __main__ | Active contract detected on start/scan — syncing state.
2026-05-06 12:06:30 | INFO     | __main__ | Open contract active — holding.
